#
# A fatal error has been detected by the Java Runtime Environment:
#
#  EXCEPTION_ACCESS_VIOLATION (0xc0000005) at pc=0x000000006e4c24b0, pid=9592, tid=0x000000000000202c
#
# JRE version: Java(TM) SE Runtime Environment (8.0_151-b12) (build 1.8.0_151-b12)
# Java VM: Java HotSpot(TM) 64-Bit Server VM (25.151-b12 mixed mode windows-amd64 compressed oops)
# Problematic frame:
# C  0x000000006e4c24b0
#
# Failed to write core dump. Minidumps are not enabled by default on client versions of Windows
#
# If you would like to submit a bug report, please visit:
#   http://bugreport.java.com/bugreport/crash.jsp
# The crash happened outside the Java Virtual Machine in native code.
# See problematic frame for where to report the bug.
#

---------------  T H R E A D  ---------------

Current thread (0x000000001452a000):  JavaThread "Finalizer" daemon [_thread_in_native, id=8236, stack(0x0000000015790000,0x0000000015890000)]

siginfo: ExceptionCode=0xc0000005, ExceptionInformation=0x0000000000000008 0x000000006e4c24b0

Registers:
RAX=0x000000006e4c24b0, RBX=0x0000000023448d68, RCX=0x000000001452a1f8, RDX=0x000000001588ecb0
RSP=0x000000001588ebf8, RBP=0x000000001588ec80, RSI=0x0000000060000000, RDI=0x0000000011de0000
R8 =0x0000000018fd9a60, R9 =0x00000000e47db8c0, R10=0x0000000003137f48, R11=0x000000005360b4d0
R12=0x0000000000000000, R13=0x0000000023448d68, R14=0x000000001588ecb0, R15=0x000000001452a000
RIP=0x000000006e4c24b0, EFLAGS=0x0000000000010202

Top of Stack: (sp=0x000000001588ebf8)
0x000000001588ebf8:   0000000003137f74 000000001431bde0
0x000000001588ec08:   0000000000000000 00000000e484f120
0x000000001588ec18:   0000000004222b60 000000001588ec40
0x000000001588ec28:   000000001588ecf8 000000001588ecf8
0x000000001588ec38:   00000000071cb76c 000000001588ec40
0x000000001588ec48:   0000000000000000 000000001588ecb0
0x000000001588ec58:   000000002344ff08 0000000000000000
0x000000001588ec68:   0000000023448d68 0000000000000000
0x000000001588ec78:   000000001588eca0 000000001588ecf8
0x000000001588ec88:   000000000312835d 0000000000000000
0x000000001588ec98:   00000000031319d8 0000000018fd9a60
0x000000001588eca8:   0000000018fd9a60 00000000e44bdf60
0x000000001588ecb8:   000000001588ecb8 000000002351fc01
0x000000001588ecc8:   000000001588ed18 000000002354afc8
0x000000001588ecd8:   0000000000000000 000000002351fca0
0x000000001588ece8:   000000001588eca0 000000001588ed20 

Instructions: (pc=0x000000006e4c24b0)
0x000000006e4c2490:   
[error occurred during error reporting (printing registers, top of stack, instructions near pc), id 0xc0000005]

Register to memory mapping:

RAX=0x000000006e4c24b0 is an unknown value
RBX={method} {0x0000000023448d70} 'freeCallContext' '(J)V' in 'com/kenai/jffi/Foreign'
RCX=0x000000001452a1f8 is an unknown value
RDX=0x000000001588ecb0 is pointing into the stack for thread: 0x000000001452a000
RSP=0x000000001588ebf8 is pointing into the stack for thread: 0x000000001452a000
RBP=0x000000001588ec80 is pointing into the stack for thread: 0x000000001452a000
RSI=0x0000000060000000 is an unknown value
RDI=0x0000000011de0000 is an unknown value
R8 =0x0000000018fd9a60 is an unknown value
R9 =0x00000000e47db8c0 is an oop
java.lang.ref.Finalizer 
 - klass: 'java/lang/ref/Finalizer'
R10=0x0000000003137f48 is at code_begin+840 in an Interpreter codelet
method entry point (kind = native)  [0x0000000003137c00, 0x0000000003138560]  2400 bytes
R11=0x000000005360b4d0 is an unknown value
R12=0x0000000000000000 is an unknown value
R13={method} {0x0000000023448d70} 'freeCallContext' '(J)V' in 'com/kenai/jffi/Foreign'
R14=0x000000001588ecb0 is pointing into the stack for thread: 0x000000001452a000
R15=0x000000001452a000 is a thread


Stack: [0x0000000015790000,0x0000000015890000],  sp=0x000000001588ebf8,  free space=1018k
Native frames: (J=compiled Java code, j=interpreted, Vv=VM code, C=native code)
C  0x000000006e4c24b0

Java frames: (J=compiled Java code, j=interpreted, Vv=VM code)
j  com.kenai.jffi.Foreign.freeCallContext(J)V+0
j  com.kenai.jffi.CallContext.finalize()V+17
J 3887 C2 java.lang.ref.Finalizer.access$100(Ljava/lang/ref/Finalizer;Lsun/misc/JavaLangAccess;)V (6 bytes) @ 0x0000000003eb9254 [0x0000000003eb9080+0x1d4]
j  java.lang.ref.Finalizer$FinalizerThread.run()V+45
v  ~StubRoutines::call_stub

---------------  P R O C E S S  ---------------

Java Threads: ( => current thread )
  0x000000001d6db800 JavaThread "Cache worker for execution history cache (C:\Users\asus\IdeaProjects\demo-inflearn-rest-api\.gradle\5.6.2\executionHistory)" [_thread_blocked, id=13420, stack(0x0000000023760000,0x0000000023860000)]
  0x000000001d6db000 JavaThread "Execution worker for ':' Thread 3" [_thread_blocked, id=6044, stack(0x0000000021fe0000,0x00000000220e0000)]
  0x000000001d6d8000 JavaThread "Execution worker for ':' Thread 2" [_thread_in_native, id=15604, stack(0x0000000021ee0000,0x0000000021fe0000)]
  0x000000001d6de000 JavaThread "Execution worker for ':'" [_thread_blocked, id=15908, stack(0x00000000217e0000,0x00000000218e0000)]
  0x000000001d6d9800 JavaThread "Cache worker for file content cache (C:\Users\asus\IdeaProjects\demo-inflearn-rest-api\.gradle\5.6.2\fileContent)" [_thread_blocked, id=4376, stack(0x00000000215e0000,0x00000000216e0000)]
  0x000000001d6d3800 JavaThread "Cache worker for Build Output Cleanup Cache (C:\Users\asus\IdeaProjects\demo-inflearn-rest-api\.gradle\buildOutputCleanup)" [_thread_blocked, id=13620, stack(0x00000000214e0000,0x00000000215e0000)]
  0x000000001d6d7000 JavaThread "Build operations Thread 4" [_thread_blocked, id=14584, stack(0x00000000213e0000,0x00000000214e0000)]
  0x000000001d6d6800 JavaThread "Build operations Thread 3" [_thread_blocked, id=15524, stack(0x0000000020670000,0x0000000020770000)]
  0x000000001d6da000 JavaThread "Build operations Thread 2" [_thread_blocked, id=11024, stack(0x0000000020570000,0x0000000020670000)]
  0x000000001d6d5000 JavaThread "Build operations" [_thread_blocked, id=15928, stack(0x000000001fe70000,0x000000001ff70000)]
  0x000000001d260800 JavaThread "Cache worker for cache directory md-rule (C:\Users\asus\.gradle\caches\5.6.2\md-rule)" [_thread_blocked, id=10620, stack(0x000000001f8c0000,0x000000001f9c0000)]
  0x000000001d25f800 JavaThread "Cache worker for cache directory md-supplier (C:\Users\asus\.gradle\caches\5.6.2\md-supplier)" [_thread_blocked, id=14620, stack(0x000000001f7c0000,0x000000001f8c0000)]
  0x000000001d25f000 JavaThread "Cache worker for file hash cache (C:\Users\asus\IdeaProjects\demo-inflearn-rest-api\.gradle\5.6.2\fileHashes)" [_thread_blocked, id=7740, stack(0x000000001dd00000,0x000000001de00000)]
  0x000000001d257800 JavaThread "Thread-247" [_thread_blocked, id=13584, stack(0x000000001dc00000,0x000000001dd00000)]
  0x000000001d256800 JavaThread "Stdin handler" [_thread_blocked, id=9536, stack(0x000000001b070000,0x000000001b170000)]
  0x000000001d25b000 JavaThread "Asynchronous log dispatcher for DefaultDaemonConnection: socket connection from /127.0.0.1:51180 to /127.0.0.1:51750" [_thread_blocked, id=14880, stack(0x00000000189d0000,0x0000000018ad0000)]
  0x000000001d25c000 JavaThread "Cancel handler" [_thread_blocked, id=15588, stack(0x00000000187d0000,0x00000000188d0000)]
  0x000000001d25d800 JavaThread "Handler for socket connection from /127.0.0.1:51180 to /127.0.0.1:51750" [_thread_in_native, id=7864, stack(0x00000000186d0000,0x00000000187d0000)]
  0x000000001d25c800 JavaThread "Daemon worker Thread 7" [_thread_blocked, id=7428, stack(0x00000000188d0000,0x00000000189d0000)]
  0x000000001d25a800 JavaThread "Daemon Thread 7" [_thread_blocked, id=6532, stack(0x00000000185d0000,0x00000000186d0000)]
  0x0000000015ae1000 JavaThread "Cache worker for Java compile cache (C:\Users\asus\.gradle\caches\5.6.2\javaCompile)" [_thread_blocked, id=14380, stack(0x00000000216e0000,0x00000000217e0000)]
  0x000000001d6dd000 JavaThread "Cache worker for file content cache (C:\Users\asus\.gradle\caches\5.6.2\fileContent)" [_thread_blocked, id=15172, stack(0x00000000210e0000,0x00000000211e0000)]
  0x000000001d6dc800 JavaThread "Memory manager" [_thread_blocked, id=14768, stack(0x0000000020b70000,0x0000000020c70000)]
  0x0000000015adc800 JavaThread "Cache worker for execution history cache (C:\Users\asus\.gradle\caches\5.6.2\executionHistory)" [_thread_blocked, id=10876, stack(0x000000001de00000,0x000000001df00000)]
  0x0000000015ade800 JavaThread "Cache worker for journal cache (C:\Users\asus\.gradle\caches\journal-1)" [_thread_blocked, id=9704, stack(0x0000000018ed0000,0x0000000018fd0000)]
  0x0000000015ae0000 JavaThread "File lock request listener" [_thread_in_native, id=16352, stack(0x0000000018dd0000,0x0000000018ed0000)]
  0x0000000015ade000 JavaThread "Cache worker for file hash cache (C:\Users\asus\.gradle\caches\5.6.2\fileHashes)" [_thread_blocked, id=12988, stack(0x0000000018cd0000,0x0000000018dd0000)]
  0x0000000016846000 JavaThread "Daemon periodic checks" [_thread_blocked, id=11816, stack(0x00000000180d0000,0x00000000181d0000)]
  0x0000000017a88000 JavaThread "Incoming local TCP Connector on port 51180" [_thread_in_native, id=7524, stack(0x0000000017ef0000,0x0000000017ff0000)]
  0x0000000017a02000 JavaThread "Daemon health stats" [_thread_blocked, id=8860, stack(0x0000000017bf0000,0x0000000017cf0000)]
  0x0000000015983000 JavaThread "Service Thread" daemon [_thread_blocked, id=11960, stack(0x0000000016220000,0x0000000016320000)]
  0x000000001597e000 JavaThread "C1 CompilerThread2" daemon [_thread_blocked, id=15592, stack(0x0000000016120000,0x0000000016220000)]
  0x000000001453c800 JavaThread "C2 CompilerThread1" daemon [_thread_in_vm, id=13316, stack(0x0000000016020000,0x0000000016120000)]
  0x0000000014568000 JavaThread "C2 CompilerThread0" daemon [_thread_in_native, id=14592, stack(0x0000000015f20000,0x0000000016020000)]
  0x0000000014566000 JavaThread "Attach Listener" daemon [_thread_blocked, id=13832, stack(0x0000000015e20000,0x0000000015f20000)]
  0x0000000015963800 JavaThread "Signal Dispatcher" daemon [_thread_blocked, id=15912, stack(0x0000000015d20000,0x0000000015e20000)]
=>0x000000001452a000 JavaThread "Finalizer" daemon [_thread_in_native, id=8236, stack(0x0000000015790000,0x0000000015890000)]
  0x0000000003110000 JavaThread "Reference Handler" daemon [_thread_blocked, id=8216, stack(0x0000000015690000,0x0000000015790000)]
  0x000000000301e000 JavaThread "main" [_thread_blocked, id=10984, stack(0x0000000002ec0000,0x0000000002fc0000)]

Other Threads:
  0x0000000014507800 VMThread [stack: 0x0000000015590000,0x0000000015690000] [id=6792]
  0x0000000015a01000 WatcherThread [stack: 0x0000000016320000,0x0000000016420000] [id=10748]

VM state:not at safepoint (normal execution)

VM Mutex/Monitor currently owned by a thread: None

Heap:
 PSYoungGen      total 157184K, used 4374K [0x00000000f5580000, 0x00000000ffe80000, 0x0000000100000000)
  eden space 141824K, 3% used [0x00000000f5580000,0x00000000f59c5b20,0x00000000fe000000)
  from space 15360K, 0% used [0x00000000fe000000,0x00000000fe000000,0x00000000fef00000)
  to   space 14848K, 0% used [0x00000000ff000000,0x00000000ff000000,0x00000000ffe80000)
 ParOldGen       total 276480K, used 115793K [0x00000000e0000000, 0x00000000f0e00000, 0x00000000f5580000)
  object space 276480K, 41% used [0x00000000e0000000,0x00000000e71147d0,0x00000000f0e00000)
 Metaspace       used 111001K, capacity 114498K, committed 117888K, reserved 1148928K
  class space    used 17274K, capacity 18083K, committed 18816K, reserved 1048576K

Card table byte_map: [0x00000000124e0000,0x00000000125f0000] byte_map_base: 0x0000000011de0000

Marking Bits: (ParMarkBitMap*) 0x0000000053bfd850
 Begin Bits: [0x0000000012aa0000, 0x00000000132a0000)
 End Bits:   [0x00000000132a0000, 0x0000000013aa0000)

Polling page: 0x0000000001300000

CodeCache: size=245760Kb used=66473Kb max_used=66513Kb free=179286Kb
 bounds [0x0000000003120000, 0x0000000007280000, 0x0000000012120000]
 total_blobs=18720 nmethods=17763 adapters=866
 compilation: enabled

Compilation events (10 events):
Event: 1821.701 Thread 0x0000000014568000 nmethod 21773 0x0000000007240f90 code [0x0000000007241160, 0x00000000072418d0]
Event: 1821.701 Thread 0x0000000014568000 21775   !   4       org.gradle.api.internal.attributes.DefaultImmutableAttributesFactory::doConcatIsolatable (146 bytes)
Event: 1821.702 Thread 0x000000001597e000 21778       1       com.google.common.cache.LocalCache$StrongAccessEntry::getAccessTime (5 bytes)
Event: 1821.702 Thread 0x000000001597e000 nmethod 21778 0x00000000071ffc10 code [0x00000000071ffd60, 0x00000000071ffe70]
Event: 1821.738 Thread 0x0000000014568000 nmethod 21775 0x0000000007245490 code [0x0000000007245720, 0x0000000007246eb0]
Event: 1821.738 Thread 0x0000000014568000 21777       4       org.gradle.api.internal.artifacts.ivyservice.resolveengine.graph.builder.SelectorState::update (90 bytes)
Event: 1821.761 Thread 0x000000001597e000 21780   !   3       io.spring.gradle.dependencymanagement.org.apache.maven.model.License::clone (73 bytes)
Event: 1821.762 Thread 0x000000001597e000 nmethod 21780 0x0000000004ae15d0 code [0x0000000004ae1840, 0x0000000004ae28f8]
Event: 1822.212 Thread 0x0000000014568000 nmethod 21777 0x00000000072558d0 code [0x0000000007255b80, 0x0000000007257b38]
Event: 1822.218 Thread 0x0000000014568000 21779       4       io.spring.gradle.dependencymanagement.org.codehaus.plexus.util.xml.Xpp3DomBuilder::build (348 bytes)

GC Heap History (10 events):
Event: 1811.148 GC heap before
{Heap before GC invocations=60 (full 4):
 PSYoungGen      total 156672K, used 153305K [0x00000000f5580000, 0x0000000100000000, 0x0000000100000000)
  eden space 140800K, 100% used [0x00000000f5580000,0x00000000fdf00000,0x00000000fdf00000)
  from space 15872K, 78% used [0x00000000fdf00000,0x00000000feb36420,0x00000000fee80000)
  to   space 16896K, 0% used [0x00000000fef80000,0x00000000fef80000,0x0000000100000000)
 ParOldGen       total 248320K, used 213241K [0x00000000e0000000, 0x00000000ef280000, 0x00000000f5580000)
  object space 248320K, 85% used [0x00000000e0000000,0x00000000ed03e560,0x00000000ef280000)
 Metaspace       used 113174K, capacity 117460K, committed 117632K, reserved 1148928K
  class space    used 17636K, capacity 18720K, committed 18816K, reserved 1048576K
Event: 1811.165 GC heap after
Heap after GC invocations=60 (full 4):
 PSYoungGen      total 158208K, used 7008K [0x00000000f5580000, 0x0000000100000000, 0x0000000100000000)
  eden space 141312K, 0% used [0x00000000f5580000,0x00000000f5580000,0x00000000fdf80000)
  from space 16896K, 41% used [0x00000000fef80000,0x00000000ff658000,0x0000000100000000)
  to   space 16384K, 0% used [0x00000000fdf80000,0x00000000fdf80000,0x00000000fef80000)
 ParOldGen       total 248320K, used 224757K [0x00000000e0000000, 0x00000000ef280000, 0x00000000f5580000)
  object space 248320K, 90% used [0x00000000e0000000,0x00000000edb7d550,0x00000000ef280000)
 Metaspace       used 113174K, capacity 117460K, committed 117632K, reserved 1148928K
  class space    used 17636K, capacity 18720K, committed 18816K, reserved 1048576K
}
Event: 1811.577 GC heap before
{Heap before GC invocations=61 (full 4):
 PSYoungGen      total 158208K, used 148320K [0x00000000f5580000, 0x0000000100000000, 0x0000000100000000)
  eden space 141312K, 100% used [0x00000000f5580000,0x00000000fdf80000,0x00000000fdf80000)
  from space 16896K, 41% used [0x00000000fef80000,0x00000000ff658000,0x0000000100000000)
  to   space 16384K, 0% used [0x00000000fdf80000,0x00000000fdf80000,0x00000000fef80000)
 ParOldGen       total 248320K, used 224757K [0x00000000e0000000, 0x00000000ef280000, 0x00000000f5580000)
  object space 248320K, 90% used [0x00000000e0000000,0x00000000edb7d550,0x00000000ef280000)
 Metaspace       used 113185K, capacity 117460K, committed 117632K, reserved 1148928K
  class space    used 17636K, capacity 18720K, committed 18816K, reserved 1048576K
Event: 1811.587 GC heap after
Heap after GC invocations=61 (full 4):
 PSYoungGen      total 147456K, used 5856K [0x00000000f5580000, 0x00000000ffe80000, 0x0000000100000000)
  eden space 141312K, 0% used [0x00000000f5580000,0x00000000f5580000,0x00000000fdf80000)
  from space 6144K, 95% used [0x00000000fdf80000,0x00000000fe538000,0x00000000fe580000)
  to   space 15872K, 0% used [0x00000000fef00000,0x00000000fef00000,0x00000000ffe80000)
 ParOldGen       total 248320K, used 231073K [0x00000000e0000000, 0x00000000ef280000, 0x00000000f5580000)
  object space 248320K, 93% used [0x00000000e0000000,0x00000000ee1a8660,0x00000000ef280000)
 Metaspace       used 113185K, capacity 117460K, committed 117632K, reserved 1148928K
  class space    used 17636K, capacity 18720K, committed 18816K, reserved 1048576K
}
Event: 1821.286 GC heap before
{Heap before GC invocations=62 (full 4):
 PSYoungGen      total 147456K, used 147168K [0x00000000f5580000, 0x00000000ffe80000, 0x0000000100000000)
  eden space 141312K, 100% used [0x00000000f5580000,0x00000000fdf80000,0x00000000fdf80000)
  from space 6144K, 95% used [0x00000000fdf80000,0x00000000fe538000,0x00000000fe580000)
  to   space 15872K, 0% used [0x00000000fef00000,0x00000000fef00000,0x00000000ffe80000)
 ParOldGen       total 248320K, used 231073K [0x00000000e0000000, 0x00000000ef280000, 0x00000000f5580000)
  object space 248320K, 93% used [0x00000000e0000000,0x00000000ee1a8660,0x00000000ef280000)
 Metaspace       used 113234K, capacity 117472K, committed 117632K, reserved 1148928K
  class space    used 17639K, capacity 18722K, committed 18816K, reserved 1048576K
Event: 1821.300 GC heap after
Heap after GC invocations=62 (full 4):
 PSYoungGen      total 157696K, used 8960K [0x00000000f5580000, 0x0000000100000000, 0x0000000100000000)
  eden space 141824K, 0% used [0x00000000f5580000,0x00000000f5580000,0x00000000fe000000)
  from space 15872K, 56% used [0x00000000fef00000,0x00000000ff7c0020,0x00000000ffe80000)
  to   space 15360K, 0% used [0x00000000fe000000,0x00000000fe000000,0x00000000fef00000)
 ParOldGen       total 248320K, used 236422K [0x00000000e0000000, 0x00000000ef280000, 0x00000000f5580000)
  object space 248320K, 95% used [0x00000000e0000000,0x00000000ee6e1a48,0x00000000ef280000)
 Metaspace       used 113234K, capacity 117472K, committed 117632K, reserved 1148928K
  class space    used 17639K, capacity 18722K, committed 18816K, reserved 1048576K
}
Event: 1821.782 GC heap before
{Heap before GC invocations=63 (full 4):
 PSYoungGen      total 157696K, used 150784K [0x00000000f5580000, 0x0000000100000000, 0x0000000100000000)
  eden space 141824K, 100% used [0x00000000f5580000,0x00000000fe000000,0x00000000fe000000)
  from space 15872K, 56% used [0x00000000fef00000,0x00000000ff7c0020,0x00000000ffe80000)
  to   space 15360K, 0% used [0x00000000fe000000,0x00000000fe000000,0x00000000fef00000)
 ParOldGen       total 248320K, used 236422K [0x00000000e0000000, 0x00000000ef280000, 0x00000000f5580000)
  object space 248320K, 95% used [0x00000000e0000000,0x00000000ee6e1a48,0x00000000ef280000)
 Metaspace       used 113242K, capacity 117548K, committed 117888K, reserved 1148928K
  class space    used 17640K, capacity 18724K, committed 18816K, reserved 1048576K
Event: 1821.809 GC heap after
Heap after GC invocations=63 (full 4):
 PSYoungGen      total 157184K, used 7776K [0x00000000f5580000, 0x00000000ffe80000, 0x0000000100000000)
  eden space 141824K, 0% used [0x00000000f5580000,0x00000000f5580000,0x00000000fe000000)
  from space 15360K, 50% used [0x00000000fe000000,0x00000000fe798000,0x00000000fef00000)
  to   space 14848K, 0% used [0x00000000ff000000,0x00000000ff000000,0x00000000ffe80000)
 ParOldGen       total 248320K, used 243861K [0x00000000e0000000, 0x00000000ef280000, 0x00000000f5580000)
  object space 248320K, 98% used [0x00000000e0000000,0x00000000eee255d8,0x00000000ef280000)
 Metaspace       used 113242K, capacity 117548K, committed 117888K, reserved 1148928K
  class space    used 17640K, capacity 18724K, committed 18816K, reserved 1048576K
}
Event: 1821.809 GC heap before
{Heap before GC invocations=64 (full 5):
 PSYoungGen      total 157184K, used 7776K [0x00000000f5580000, 0x00000000ffe80000, 0x0000000100000000)
  eden space 141824K, 0% used [0x00000000f5580000,0x00000000f5580000,0x00000000fe000000)
  from space 15360K, 50% used [0x00000000fe000000,0x00000000fe798000,0x00000000fef00000)
  to   space 14848K, 0% used [0x00000000ff000000,0x00000000ff000000,0x00000000ffe80000)
 ParOldGen       total 248320K, used 243861K [0x00000000e0000000, 0x00000000ef280000, 0x00000000f5580000)
  object space 248320K, 98% used [0x00000000e0000000,0x00000000eee255d8,0x00000000ef280000)
 Metaspace       used 113242K, capacity 117548K, committed 117888K, reserved 1148928K
  class space    used 17640K, capacity 18724K, committed 18816K, reserved 1048576K
Event: 1822.207 GC heap after
Heap after GC invocations=64 (full 5):
 PSYoungGen      total 157184K, used 0K [0x00000000f5580000, 0x00000000ffe80000, 0x0000000100000000)
  eden space 141824K, 0% used [0x00000000f5580000,0x00000000f5580000,0x00000000fe000000)
  from space 15360K, 0% used [0x00000000fe000000,0x00000000fe000000,0x00000000fef00000)
  to   space 14848K, 0% used [0x00000000ff000000,0x00000000ff000000,0x00000000ffe80000)
 ParOldGen       total 276480K, used 115793K [0x00000000e0000000, 0x00000000f0e00000, 0x00000000f5580000)
  object space 276480K, 41% used [0x00000000e0000000,0x00000000e71147d0,0x00000000f0e00000)
 Metaspace       used 111001K, capacity 114498K, committed 117888K, reserved 1148928K
  class space    used 17274K, capacity 18083K, committed 18816K, reserved 1048576K
}

Deoptimization events (10 events):
Event: 1416.066 Thread 0x000000001d6d3800 Uncommon trap: reason=unstable_if action=reinterpret pc=0x0000000006d53958 method=org.jruby.runtime.ThreadContext.pushCallFrame(Lorg/jruby/RubyModule;Ljava/lang/String;Lorg/jruby/runtime/builtin/IRubyObject;Lorg/jruby/runtime/Block;)V @ 43
Event: 1416.203 Thread 0x000000001452a000 Uncommon trap: reason=null_check action=make_not_entrant pc=0x0000000006d06324 method=org.jruby.internal.runtime.ThreadService.getCurrentContext()Lorg/jruby/runtime/ThreadContext; @ 15
Event: 1501.037 Thread 0x000000001d6d3800 Uncommon trap: reason=class_check action=maybe_recompile pc=0x0000000006f091d0 method=sun.reflect.DelegatingConstructorAccessorImpl.newInstance([Ljava/lang/Object;)Ljava/lang/Object; @ 5
Event: 1501.037 Thread 0x000000001d6d3800 Uncommon trap: reason=class_check action=maybe_recompile pc=0x0000000006f091d0 method=sun.reflect.DelegatingConstructorAccessorImpl.newInstance([Ljava/lang/Object;)Ljava/lang/Object; @ 5
Event: 1501.037 Thread 0x000000001d6d3800 Uncommon trap: reason=class_check action=maybe_recompile pc=0x0000000006f091d0 method=sun.reflect.DelegatingConstructorAccessorImpl.newInstance([Ljava/lang/Object;)Ljava/lang/Object; @ 5
Event: 1501.037 Thread 0x000000001d6d3800 Uncommon trap: reason=class_check action=maybe_recompile pc=0x0000000006f091d0 method=sun.reflect.DelegatingConstructorAccessorImpl.newInstance([Ljava/lang/Object;)Ljava/lang/Object; @ 5
Event: 1501.056 Thread 0x000000001d6d3800 Uncommon trap: reason=unstable_if action=reinterpret pc=0x0000000004d8ce28 method=groovyjarjarasm.asm.SymbolTable.put(Lgroovyjarjarasm/asm/SymbolTable$Entry;)Lgroovyjarjarasm/asm/SymbolTable$Entry; @ 13
Event: 1501.901 Thread 0x000000001d6d3800 Uncommon trap: reason=null_check action=make_not_entrant pc=0x0000000005b2d7b8 method=java.lang.ThreadLocal$ThreadLocalMap.expungeStaleEntry(I)I @ 51
Event: 1503.997 Thread 0x000000001d6d3800 Uncommon trap: reason=unstable_if action=reinterpret pc=0x0000000003b1ba58 method=java.lang.ClassValue.match(Ljava/lang/ClassValue$Entry;)Z @ 12
Event: 1822.208 Thread 0x000000001452a000 Uncommon trap: reason=unstable_if action=reinterpret pc=0x000000000465a4e0 method=java.util.Vector.removeElementAt(I)V @ 75

Internal exceptions (10 events):
Event: 1799.879 Thread 0x000000001d25c800 Exception <a 'java/lang/ClassNotFoundException': build_59qtfjgitfxhgrd28cd01kyvqCustomizer> (0x00000000fd984f78) thrown at [C:\re\workspace\8-2-build-windows-amd64-cygwin\jdk8u151\9699\hotspot\src\share\vm\classfile\systemDictionary.cpp, line 210]
Event: 1800.162 Thread 0x000000001d25c800 Exception <a 'java/lang/ClassNotFoundException': build_59qtfjgitfxhgrd28cd01kyvqBeanInfo> (0x00000000f5ee2f88) thrown at [C:\re\workspace\8-2-build-windows-amd64-cygwin\jdk8u151\9699\hotspot\src\share\vm\classfile\systemDictionary.cpp, line 210]
Event: 1800.162 Thread 0x000000001d25c800 Exception <a 'java/lang/ClassNotFoundException': build_59qtfjgitfxhgrd28cd01kyvqCustomizer> (0x00000000f5eef920) thrown at [C:\re\workspace\8-2-build-windows-amd64-cygwin\jdk8u151\9699\hotspot\src\share\vm\classfile\systemDictionary.cpp, line 210]
Event: 1800.183 Thread 0x000000001d25c800 Exception <a 'java/lang/reflect/InvocationTargetException'> (0x00000000f5f707a0) thrown at [C:\re\workspace\8-2-build-windows-amd64-cygwin\jdk8u151\9699\hotspot\src\share\vm\runtime\reflection.cpp, line 1092]
Event: 1809.994 Thread 0x000000001d25c800 Exception <a 'java/lang/reflect/InvocationTargetException'> (0x00000000f92f4ed8) thrown at [C:\re\workspace\8-2-build-windows-amd64-cygwin\jdk8u151\9699\hotspot\src\share\vm\runtime\reflection.cpp, line 1092]
Event: 1811.629 Thread 0x000000001d256800 Implicit null exception at 0x00000000050c272a to 0x00000000050c2dde
Event: 1811.629 Thread 0x000000001d256800 Exception <a 'java/lang/NullPointerException'> (0x00000000f76a85e0) thrown at [C:\re\workspace\8-2-build-windows-amd64-cygwin\jdk8u151\9699\hotspot\src\share\vm\runtime\sharedRuntime.cpp, line 605]
Event: 1811.630 Thread 0x000000001d256800 Implicit null exception at 0x00000000050c272a to 0x00000000050c2dde
Event: 1811.630 Thread 0x000000001d256800 Exception <a 'java/lang/NullPointerException'> (0x00000000f76aa988) thrown at [C:\re\workspace\8-2-build-windows-amd64-cygwin\jdk8u151\9699\hotspot\src\share\vm\runtime\sharedRuntime.cpp, line 605]
Event: 1820.754 Thread 0x000000001d25c800 Exception <a 'java/lang/reflect/InvocationTargetException'> (0x00000000f80f5af8) thrown at [C:\re\workspace\8-2-build-windows-amd64-cygwin\jdk8u151\9699\hotspot\src\share\vm\runtime\reflection.cpp, line 1092]

Events (10 events):
Event: 1822.215 Executing VM operation: RevokeBias done
Event: 1822.215 Executing VM operation: RevokeBias
Event: 1822.215 Executing VM operation: RevokeBias done
Event: 1822.215 Executing VM operation: RevokeBias
Event: 1822.215 Executing VM operation: RevokeBias done
Event: 1822.215 Executing VM operation: RevokeBias
Event: 1822.215 Executing VM operation: RevokeBias done
Event: 1822.215 Executing VM operation: RevokeBias
Event: 1822.216 Executing VM operation: RevokeBias done
Event: 1822.216 Thread 0x0000000014568000 flushing nmethod 0x000000000331aa10


Dynamic libraries:
0x00007ff6b9800000 - 0x00007ff6b9837000 	C:\Program Files\Java\jdk1.8.0_151\bin\java.exe
0x00007ffb49ec0000 - 0x00007ffb4a0b0000 	C:\WINDOWS\SYSTEM32\ntdll.dll
0x00007ffb28500000 - 0x00007ffb28512000 	C:\Program Files\AVAST Software\Avast\aswhook.dll
0x00007ffb49960000 - 0x00007ffb49a12000 	C:\WINDOWS\System32\KERNEL32.DLL
0x00007ffb473f0000 - 0x00007ffb47693000 	C:\WINDOWS\System32\KERNELBASE.dll
0x00007ffb49cc0000 - 0x00007ffb49d63000 	C:\WINDOWS\System32\ADVAPI32.dll
0x00007ffb490d0000 - 0x00007ffb4916e000 	C:\WINDOWS\System32\msvcrt.dll
0x00007ffb49490000 - 0x00007ffb49527000 	C:\WINDOWS\System32\sechost.dll
0x00007ffb49370000 - 0x00007ffb49490000 	C:\WINDOWS\System32\RPCRT4.dll
0x00007ffb47ff0000 - 0x00007ffb48183000 	C:\WINDOWS\System32\USER32.dll
0x00007ffb471f0000 - 0x00007ffb47211000 	C:\WINDOWS\System32\win32u.dll
0x00007ffb49d70000 - 0x00007ffb49d96000 	C:\WINDOWS\System32\GDI32.dll
0x00007ffb46ff0000 - 0x00007ffb47184000 	C:\WINDOWS\System32\gdi32full.dll
0x00007ffb46f50000 - 0x00007ffb46fee000 	C:\WINDOWS\System32\msvcp_win.dll
0x00007ffb46e50000 - 0x00007ffb46f4a000 	C:\WINDOWS\System32\ucrtbase.dll
0x00007ffb32c60000 - 0x00007ffb32ee5000 	C:\WINDOWS\WinSxS\amd64_microsoft.windows.common-controls_6595b64144ccf1df_6.0.18362.388_none_e6c6afa5130d5b6d\COMCTL32.dll
0x00007ffb49530000 - 0x00007ffb49866000 	C:\WINDOWS\System32\combase.dll
0x00007ffb47220000 - 0x00007ffb472a0000 	C:\WINDOWS\System32\bcryptPrimitives.dll
0x00007ffb49090000 - 0x00007ffb490be000 	C:\WINDOWS\System32\IMM32.DLL
0x0000000053c80000 - 0x0000000053d52000 	C:\Program Files\Java\jdk1.8.0_151\jre\bin\msvcr100.dll
0x00000000533e0000 - 0x0000000053c7d000 	C:\Program Files\Java\jdk1.8.0_151\jre\bin\server\jvm.dll
0x00007ffb490c0000 - 0x00007ffb490c8000 	C:\WINDOWS\System32\PSAPI.DLL
0x00007ffb458c0000 - 0x00007ffb458c9000 	C:\WINDOWS\SYSTEM32\WSOCK32.dll
0x00007ffb49b80000 - 0x00007ffb49bef000 	C:\WINDOWS\System32\WS2_32.dll
0x00007ffb3d8e0000 - 0x00007ffb3d904000 	C:\WINDOWS\SYSTEM32\WINMM.dll
0x00007ffb411c0000 - 0x00007ffb411ca000 	C:\WINDOWS\SYSTEM32\VERSION.dll
0x00007ffb3d6a0000 - 0x00007ffb3d6cd000 	C:\WINDOWS\SYSTEM32\WINMMBASE.dll
0x00007ffb476a0000 - 0x00007ffb476ea000 	C:\WINDOWS\System32\cfgmgr32.dll
0x00000000533d0000 - 0x00000000533df000 	C:\Program Files\Java\jdk1.8.0_151\jre\bin\verify.dll
0x00000000533a0000 - 0x00000000533c9000 	C:\Program Files\Java\jdk1.8.0_151\jre\bin\java.dll
0x0000000053350000 - 0x0000000053366000 	C:\Program Files\Java\jdk1.8.0_151\jre\bin\zip.dll
0x00007ffb481a0000 - 0x00007ffb48885000 	C:\WINDOWS\System32\SHELL32.dll
0x00007ffb48b70000 - 0x00007ffb48c19000 	C:\WINDOWS\System32\shcore.dll
0x00007ffb477d0000 - 0x00007ffb47f4f000 	C:\WINDOWS\System32\windows.storage.dll
0x00007ffb46e10000 - 0x00007ffb46e2f000 	C:\WINDOWS\System32\profapi.dll
0x00007ffb46dc0000 - 0x00007ffb46e0a000 	C:\WINDOWS\System32\powrprof.dll
0x00007ffb46d90000 - 0x00007ffb46da0000 	C:\WINDOWS\System32\UMPDC.dll
0x00007ffb49c60000 - 0x00007ffb49cb2000 	C:\WINDOWS\System32\shlwapi.dll
0x00007ffb46e30000 - 0x00007ffb46e41000 	C:\WINDOWS\System32\kernel.appcore.dll
0x00007ffb47f50000 - 0x00007ffb47f67000 	C:\WINDOWS\System32\cryptsp.dll
0x0000000053330000 - 0x000000005334a000 	C:\Program Files\Java\jdk1.8.0_151\jre\bin\net.dll
0x00007ffb465a0000 - 0x00007ffb46607000 	C:\WINDOWS\system32\mswsock.dll
0x0000000053310000 - 0x0000000053321000 	C:\Program Files\Java\jdk1.8.0_151\jre\bin\nio.dll
0x00007ffb40ea0000 - 0x00007ffb40ec6000 	C:\Users\asus\.gradle\native\30\windows-amd64\native-platform.dll
0x0000000053300000 - 0x000000005330d000 	C:\Program Files\Java\jdk1.8.0_151\jre\bin\management.dll
0x00007ffb46110000 - 0x00007ffb46143000 	C:\WINDOWS\system32\rsaenh.dll
0x00007ffb476f0000 - 0x00007ffb47716000 	C:\WINDOWS\System32\bcrypt.dll
0x00007ffb46c80000 - 0x00007ffb46ca5000 	C:\WINDOWS\SYSTEM32\USERENV.dll
0x00007ffb46770000 - 0x00007ffb4677c000 	C:\WINDOWS\SYSTEM32\CRYPTBASE.dll
0x00007ffb462b0000 - 0x00007ffb462ea000 	C:\WINDOWS\SYSTEM32\IPHLPAPI.DLL
0x00007ffb48190000 - 0x00007ffb48198000 	C:\WINDOWS\System32\NSI.dll
0x00007ffb3eec0000 - 0x00007ffb3eed6000 	C:\WINDOWS\SYSTEM32\dhcpcsvc6.DLL
0x00007ffb3eea0000 - 0x00007ffb3eebc000 	C:\WINDOWS\SYSTEM32\dhcpcsvc.DLL
0x00007ffb46300000 - 0x00007ffb463ca000 	C:\WINDOWS\SYSTEM32\DNSAPI.dll
0x00007ffb35250000 - 0x00007ffb35266000 	C:\WINDOWS\system32\napinsp.dll
0x00007ffb359a0000 - 0x00007ffb359ba000 	C:\WINDOWS\system32\pnrpnsp.dll
0x00007ffb35ab0000 - 0x00007ffb35abe000 	C:\WINDOWS\System32\winrnr.dll
0x00007ffb3fe60000 - 0x00007ffb3fe7c000 	C:\WINDOWS\system32\NLAapi.dll
0x00007ffb42e90000 - 0x00007ffb42ea5000 	C:\WINDOWS\system32\wshbth.dll
0x00007ffb3d640000 - 0x00007ffb3d64a000 	C:\Windows\System32\rasadhlp.dll
0x00007ffb3e0f0000 - 0x00007ffb3e167000 	C:\WINDOWS\System32\fwpuclnt.dll
0x0000000002fc0000 - 0x0000000002fdf000 	C:\Users\asus\AppData\Local\Temp\jffi6427834674659648635.dll
0x00007ffb456c0000 - 0x00007ffb458b4000 	C:\WINDOWS\SYSTEM32\dbghelp.dll

VM Arguments:
jvm_args: -XX:MaxMetaspaceSize=256m -XX:+HeapDumpOnOutOfMemoryError -Xms256m -Xmx512m -Dfile.encoding=x-windows-949 -Duser.country=KR -Duser.language=ko -Duser.variant 
java_command: org.gradle.launcher.daemon.bootstrap.GradleDaemon 5.6.2
java_class_path (initial): C:\Users\asus\.gradle\wrapper\dists\gradle-5.6.2-bin\3clyn6icets6f02ptgd5hlmou\gradle-5.6.2\lib\gradle-launcher-5.6.2.jar
Launcher Type: SUN_STANDARD

Environment Variables:
JAVA_HOME=C:\Program Files\Java\jdk1.8.0_151
CLASSPATH=C:\Program Files\Java\jdk1.8.0_151\lib
PATH=C:\Program Files (x86)\Common Files\Oracle\Java\javapath;C:\ProgramData\Oracle\Java\javapath;C:\Program Files (x86)\Intel\iCLS Client\;C:\Program Files\Intel\iCLS Client\;C:\WINDOWS\system32;C:\WINDOWS;C:\WINDOWS\System32\Wbem;C:\WINDOWS\System32\WindowsPowerShell\v1.0\;C:\Program Files (x86)\Intel\Intel(R) Management Engine Components\DAL;C:\Program Files\Intel\Intel(R) Management Engine Components\DAL;C:\Program Files (x86)\Intel\Intel(R) Management Engine Components\IPT;C:\Program Files\Intel\Intel(R) Management Engine Components\IPT;C:\Program Files\MySQL\MySQL Utilities 1.6\;C:\Program Files\nodejs\;C:\WINDOWS\System32\OpenSSH\;C:\Program Files\Git\cmd;C:\Program Files\Intel\WiFi\bin\;C:\Program Files\Common Files\Intel\WirelessCommon\;C:\gradle\bin;C:\Program Files\Java\jdk1.8.0_151\bin;C:\Users\asus\AppData\Local\Programs\Python\Python37\Scripts\;C:\Users\asus\AppData\Local\Programs\Python\Python37\;C:\Users\asus\AppData\Local\Microsoft\WindowsApps;C:\Program Files\Docker Toolbox;C:\Program Files\Java\jdk1.8.0_151\bin;C:\Program Files\Java\jre1.8.0_151\bin;C:\Users\asus\AppData\Roaming\npm;C:\Users\asus\AppData\Local\atom\bin;C:\Users\asus\AppData\Local\Microsoft\WindowsApps;;C:\Program Files\Docker Toolbox
USERNAME=asus
OS=Windows_NT
PROCESSOR_IDENTIFIER=Intel64 Family 6 Model 142 Stepping 9, GenuineIntel



---------------  S Y S T E M  ---------------

OS: Windows 10.0 , 64 bit Build 18362 (10.0.18362.329)

CPU:total 4 (initial active 4) (2 cores per cpu, 2 threads per core) family 6 model 142 stepping 9, cmov, cx8, fxsr, mmx, sse, sse2, sse3, ssse3, sse4.1, sse4.2, popcnt, avx, avx2, aes, clmul, erms, 3dnowpref, lzcnt, ht, tsc, tscinvbit, bmi1, bmi2, adx

Memory: 4k page, physical 8271100k(1552260k free), swap 15086844k(6461084k free)

vm_info: Java HotSpot(TM) 64-Bit Server VM (25.151-b12) for windows-amd64 JRE (1.8.0_151-b12), built on Sep  5 2017 19:33:46 by "java_re" with MS VC++ 10.0 (VS2010)

time: Sun Oct 06 16:52:09 2019
elapsed time: 1822 seconds (0d 0h 30m 22s)

